<?xml version="1.0" encoding="UTF-8"?>
<testng-results skipped="0" failed="0" ignored="0" total="2" passed="2">
  <reporter-output>
  </reporter-output>
  <suite name="InetBankingV1" duration-ms="44722" started-at="2019-11-06T17:47:07Z" finished-at="2019-11-06T17:47:52Z">
    <groups>
    </groups>
    <test name="BankingApp Test" duration-ms="44722" started-at="2019-11-06T17:47:07Z" finished-at="2019-11-06T17:47:52Z">
      <class name="com.inetbanking.testCases.TC_AddCustomerTest_003">
        <test-method status="PASS" signature="setUp(java.lang.String)[pri:0, instance:com.inetbanking.testCases.TC_AddCustomerTest_003@5442a311]" name="setUp" is-config="true" duration-ms="8129" started-at="2019-11-06T17:47:24Z" finished-at="2019-11-06T17:47:32Z">
          <params>
            <param index="0">
              <value>
                <![CDATA[chrome]]>
              </value>
            </param>
          </params>
          <reporter-output>
          </reporter-output>
        </test-method> <!-- setUp -->
        <test-method status="PASS" signature="addNewCustomer()[pri:0, instance:com.inetbanking.testCases.TC_AddCustomerTest_003@5442a311]" name="addNewCustomer" duration-ms="19253" started-at="2019-11-06T17:47:32Z" finished-at="2019-11-06T17:47:51Z">
          <reporter-output>
          </reporter-output>
        </test-method> <!-- addNewCustomer -->
        <test-method status="PASS" signature="tearDown()[pri:0, instance:com.inetbanking.testCases.TC_AddCustomerTest_003@5442a311]" name="tearDown" is-config="true" duration-ms="788" started-at="2019-11-06T17:47:51Z" finished-at="2019-11-06T17:47:52Z">
          <reporter-output>
          </reporter-output>
        </test-method> <!-- tearDown -->
      </class> <!-- com.inetbanking.testCases.TC_AddCustomerTest_003 -->
      <class name="com.inetbanking.testCases.TC_LogInTest001">
        <test-method status="PASS" signature="setUp(java.lang.String)[pri:0, instance:com.inetbanking.testCases.TC_LogInTest001@53b32d7]" name="setUp" is-config="true" duration-ms="11406" started-at="2019-11-06T17:47:08Z" finished-at="2019-11-06T17:47:19Z">
          <params>
            <param index="0">
              <value>
                <![CDATA[chrome]]>
              </value>
            </param>
          </params>
          <reporter-output>
          </reporter-output>
        </test-method> <!-- setUp -->
        <test-method status="PASS" signature="logInTest()[pri:0, instance:com.inetbanking.testCases.TC_LogInTest001@53b32d7]" name="logInTest" duration-ms="3543" started-at="2019-11-06T17:47:19Z" finished-at="2019-11-06T17:47:23Z">
          <reporter-output>
          </reporter-output>
        </test-method> <!-- logInTest -->
        <test-method status="PASS" signature="tearDown()[pri:0, instance:com.inetbanking.testCases.TC_LogInTest001@53b32d7]" name="tearDown" is-config="true" duration-ms="1113" started-at="2019-11-06T17:47:23Z" finished-at="2019-11-06T17:47:24Z">
          <reporter-output>
          </reporter-output>
        </test-method> <!-- tearDown -->
      </class> <!-- com.inetbanking.testCases.TC_LogInTest001 -->
    </test> <!-- BankingApp Test -->
  </suite> <!-- InetBankingV1 -->
</testng-results>
